<?xml version="1.0" encoding="UTF-8" standalone="no"?>
<testsuite errors="0" failures="0" name="io.cucumber.core.plugin.JUnitFormatter" skipped="0" tests="1" time="0.515">
<testcase classname="User could register with valid data" name="register a new account" time="0.016">
<system-out><![CDATA[When user navigate to register page.........................................passed
And select gender, fill firstname and lastname..............................passed
And choose birthdate day, month, year.......................................passed
And insert email, password and confirm password.............................passed
And click on register button................................................passed
Then successful register message appears....................................passed
]]></system-out>
</testcase>
</testsuite>
